CRITICAL - 2020-08-09 01:45:28 --> Call to a member function getFlashdata() on null
#0 C:\laragon\www\470websitesmanagement-new\system\CodeIgniter.php(918): App\Controllers\Index->index()
#1 C:\laragon\www\470websitesmanagement-new\system\CodeIgniter.php(404): CodeIgniter\CodeIgniter->runController(Object(App\Controllers\Index))
#2 C:\laragon\www\470websitesmanagement-new\system\CodeIgniter.php(312): CodeIgniter\CodeIgniter->handleRequest(NULL, Object(Config\Cache), false)
#3 C:\laragon\www\470websitesmanagement-new\public\index.php(45): CodeIgniter\CodeIgniter->run()
#4 {main}
CRITICAL - 2020-08-09 01:45:34 --> Call to a member function getFlashdata() on null
#0 C:\laragon\www\470websitesmanagement-new\system\CodeIgniter.php(918): App\Controllers\Index->index()
#1 C:\laragon\www\470websitesmanagement-new\system\CodeIgniter.php(404): CodeIgniter\CodeIgniter->runController(Object(App\Controllers\Index))
#2 C:\laragon\www\470websitesmanagement-new\system\CodeIgniter.php(312): CodeIgniter\CodeIgniter->handleRequest(NULL, Object(Config\Cache), false)
#3 C:\laragon\www\470websitesmanagement-new\public\index.php(45): CodeIgniter\CodeIgniter->run()
#4 {main}
CRITICAL - 2020-08-09 01:46:13 --> Call to a member function getFlashdata() on null
#0 C:\laragon\www\470websitesmanagement-new\system\View\View.php(246): include()
#1 C:\laragon\www\470websitesmanagement-new\system\Common.php(1119): CodeIgniter\View\View->render('authentication/...', Array, true)
#2 C:\laragon\www\470websitesmanagement-new\app\Controllers\Index.php(36): view('authentication/...')
#3 C:\laragon\www\470websitesmanagement-new\system\CodeIgniter.php(918): App\Controllers\Index->index()
#4 C:\laragon\www\470websitesmanagement-new\system\CodeIgniter.php(404): CodeIgniter\CodeIgniter->runController(Object(App\Controllers\Index))
#5 C:\laragon\www\470websitesmanagement-new\system\CodeIgniter.php(312): CodeIgniter\CodeIgniter->handleRequest(NULL, Object(Config\Cache), false)
#6 C:\laragon\www\470websitesmanagement-new\public\index.php(45): CodeIgniter\CodeIgniter->run()
#7 {main}
CRITICAL - 2020-08-09 01:49:01 --> Call to a member function getFlashdata() on null
#0 C:\laragon\www\470websitesmanagement-new\system\View\View.php(246): include()
#1 C:\laragon\www\470websitesmanagement-new\system\Common.php(1119): CodeIgniter\View\View->render('authentication/...', Array, true)
#2 C:\laragon\www\470websitesmanagement-new\app\Controllers\Index.php(36): view('authentication/...')
#3 C:\laragon\www\470websitesmanagement-new\system\CodeIgniter.php(918): App\Controllers\Index->index()
#4 C:\laragon\www\470websitesmanagement-new\system\CodeIgniter.php(404): CodeIgniter\CodeIgniter->runController(Object(App\Controllers\Index))
#5 C:\laragon\www\470websitesmanagement-new\system\CodeIgniter.php(312): CodeIgniter\CodeIgniter->handleRequest(NULL, Object(Config\Cache), false)
#6 C:\laragon\www\470websitesmanagement-new\public\index.php(45): CodeIgniter\CodeIgniter->run()
#7 {main}
CRITICAL - 2020-08-09 01:51:41 --> Call to a member function getFlashdata() on null
#0 C:\laragon\www\470websitesmanagement-new\system\View\View.php(246): include()
#1 C:\laragon\www\470websitesmanagement-new\system\Common.php(1119): CodeIgniter\View\View->render('authentication/...', Array, true)
#2 C:\laragon\www\470websitesmanagement-new\app\Controllers\Index.php(36): view('authentication/...')
#3 C:\laragon\www\470websitesmanagement-new\system\CodeIgniter.php(918): App\Controllers\Index->index()
#4 C:\laragon\www\470websitesmanagement-new\system\CodeIgniter.php(404): CodeIgniter\CodeIgniter->runController(Object(App\Controllers\Index))
#5 C:\laragon\www\470websitesmanagement-new\system\CodeIgniter.php(312): CodeIgniter\CodeIgniter->handleRequest(NULL, Object(Config\Cache), false)
#6 C:\laragon\www\470websitesmanagement-new\public\index.php(45): CodeIgniter\CodeIgniter->run()
#7 {main}
CRITICAL - 2020-08-09 01:52:36 --> Call to a member function getFlashdata() on null
#0 C:\laragon\www\470websitesmanagement-new\system\View\View.php(246): include()
#1 C:\laragon\www\470websitesmanagement-new\system\Common.php(1119): CodeIgniter\View\View->render('authentication/...', Array, true)
#2 C:\laragon\www\470websitesmanagement-new\app\Controllers\Index.php(36): view('authentication/...')
#3 C:\laragon\www\470websitesmanagement-new\system\CodeIgniter.php(918): App\Controllers\Index->index()
#4 C:\laragon\www\470websitesmanagement-new\system\CodeIgniter.php(404): CodeIgniter\CodeIgniter->runController(Object(App\Controllers\Index))
#5 C:\laragon\www\470websitesmanagement-new\system\CodeIgniter.php(312): CodeIgniter\CodeIgniter->handleRequest(NULL, Object(Config\Cache), false)
#6 C:\laragon\www\470websitesmanagement-new\public\index.php(45): CodeIgniter\CodeIgniter->run()
#7 {main}
CRITICAL - 2020-08-09 01:56:45 --> Call to a member function getFlashdata() on null
#0 C:\laragon\www\470websitesmanagement-new\system\View\View.php(246): include()
#1 C:\laragon\www\470websitesmanagement-new\system\Common.php(1119): CodeIgniter\View\View->render('authentication/...', Array, true)
#2 C:\laragon\www\470websitesmanagement-new\app\Controllers\Index.php(36): view('authentication/...')
#3 C:\laragon\www\470websitesmanagement-new\system\CodeIgniter.php(918): App\Controllers\Index->index()
#4 C:\laragon\www\470websitesmanagement-new\system\CodeIgniter.php(404): CodeIgniter\CodeIgniter->runController(Object(App\Controllers\Index))
#5 C:\laragon\www\470websitesmanagement-new\system\CodeIgniter.php(312): CodeIgniter\CodeIgniter->handleRequest(NULL, Object(Config\Cache), false)
#6 C:\laragon\www\470websitesmanagement-new\public\index.php(45): CodeIgniter\CodeIgniter->run()
#7 {main}
CRITICAL - 2020-08-09 01:56:47 --> Call to a member function getFlashdata() on null
#0 C:\laragon\www\470websitesmanagement-new\system\View\View.php(246): include()
#1 C:\laragon\www\470websitesmanagement-new\system\Common.php(1119): CodeIgniter\View\View->render('authentication/...', Array, true)
#2 C:\laragon\www\470websitesmanagement-new\app\Controllers\Index.php(36): view('authentication/...')
#3 C:\laragon\www\470websitesmanagement-new\system\CodeIgniter.php(918): App\Controllers\Index->index()
#4 C:\laragon\www\470websitesmanagement-new\system\CodeIgniter.php(404): CodeIgniter\CodeIgniter->runController(Object(App\Controllers\Index))
#5 C:\laragon\www\470websitesmanagement-new\system\CodeIgniter.php(312): CodeIgniter\CodeIgniter->handleRequest(NULL, Object(Config\Cache), false)
#6 C:\laragon\www\470websitesmanagement-new\public\index.php(45): CodeIgniter\CodeIgniter->run()
#7 {main}
CRITICAL - 2020-08-09 01:57:31 --> Undefined variable: _SESSION
#0 C:\laragon\www\470websitesmanagement-new\app\Views\authentication\index.php(15): CodeIgniter\Debug\Exceptions->errorHandler(8, 'Undefined varia...', 'C:\\laragon\\www\\...', 15, Array)
#1 C:\laragon\www\470websitesmanagement-new\system\View\View.php(246): include('C:\\laragon\\www\\...')
#2 C:\laragon\www\470websitesmanagement-new\system\Common.php(1119): CodeIgniter\View\View->render('authentication/...', Array, true)
#3 C:\laragon\www\470websitesmanagement-new\app\Controllers\Index.php(36): view('authentication/...')
#4 C:\laragon\www\470websitesmanagement-new\system\CodeIgniter.php(918): App\Controllers\Index->index()
#5 C:\laragon\www\470websitesmanagement-new\system\CodeIgniter.php(404): CodeIgniter\CodeIgniter->runController(Object(App\Controllers\Index))
#6 C:\laragon\www\470websitesmanagement-new\system\CodeIgniter.php(312): CodeIgniter\CodeIgniter->handleRequest(NULL, Object(Config\Cache), false)
#7 C:\laragon\www\470websitesmanagement-new\public\index.php(45): CodeIgniter\CodeIgniter->run()
#8 {main}
CRITICAL - 2020-08-09 01:58:16 --> Undefined property: CodeIgniter\View\View::$session
#0 C:\laragon\www\470websitesmanagement-new\app\Views\authentication\index.php(48): CodeIgniter\Debug\Exceptions->errorHandler(8, 'Undefined prope...', 'C:\\laragon\\www\\...', 48, Array)
#1 C:\laragon\www\470websitesmanagement-new\system\View\View.php(246): include('C:\\laragon\\www\\...')
#2 C:\laragon\www\470websitesmanagement-new\system\Common.php(1119): CodeIgniter\View\View->render('authentication/...', Array, true)
#3 C:\laragon\www\470websitesmanagement-new\app\Controllers\Index.php(36): view('authentication/...')
#4 C:\laragon\www\470websitesmanagement-new\system\CodeIgniter.php(918): App\Controllers\Index->index()
#5 C:\laragon\www\470websitesmanagement-new\system\CodeIgniter.php(404): CodeIgniter\CodeIgniter->runController(Object(App\Controllers\Index))
#6 C:\laragon\www\470websitesmanagement-new\system\CodeIgniter.php(312): CodeIgniter\CodeIgniter->handleRequest(NULL, Object(Config\Cache), false)
#7 C:\laragon\www\470websitesmanagement-new\public\index.php(45): CodeIgniter\CodeIgniter->run()
#8 {main}
CRITICAL - 2020-08-09 02:03:17 --> Undefined variable: session
#0 C:\laragon\www\470websitesmanagement-new\app\Views\authentication\index.php(48): CodeIgniter\Debug\Exceptions->errorHandler(8, 'Undefined varia...', 'C:\\laragon\\www\\...', 48, Array)
#1 C:\laragon\www\470websitesmanagement-new\system\View\View.php(246): include('C:\\laragon\\www\\...')
#2 C:\laragon\www\470websitesmanagement-new\system\Common.php(1119): CodeIgniter\View\View->render('authentication/...', Array, true)
#3 C:\laragon\www\470websitesmanagement-new\app\Controllers\Index.php(36): view('authentication/...')
#4 C:\laragon\www\470websitesmanagement-new\system\CodeIgniter.php(918): App\Controllers\Index->index()
#5 C:\laragon\www\470websitesmanagement-new\system\CodeIgniter.php(404): CodeIgniter\CodeIgniter->runController(Object(App\Controllers\Index))
#6 C:\laragon\www\470websitesmanagement-new\system\CodeIgniter.php(312): CodeIgniter\CodeIgniter->handleRequest(NULL, Object(Config\Cache), false)
#7 C:\laragon\www\470websitesmanagement-new\public\index.php(45): CodeIgniter\CodeIgniter->run()
#8 {main}
CRITICAL - 2020-08-09 02:10:26 --> Undefined variable: _SESSION
#0 C:\laragon\www\470websitesmanagement-new\app\Views\authentication\index.php(15): CodeIgniter\Debug\Exceptions->errorHandler(8, 'Undefined varia...', 'C:\\laragon\\www\\...', 15, Array)
#1 C:\laragon\www\470websitesmanagement-new\system\View\View.php(246): include('C:\\laragon\\www\\...')
#2 C:\laragon\www\470websitesmanagement-new\system\Common.php(1119): CodeIgniter\View\View->render('authentication/...', Array, true)
#3 C:\laragon\www\470websitesmanagement-new\app\Controllers\Index.php(36): view('authentication/...')
#4 C:\laragon\www\470websitesmanagement-new\system\CodeIgniter.php(918): App\Controllers\Index->index()
#5 C:\laragon\www\470websitesmanagement-new\system\CodeIgniter.php(404): CodeIgniter\CodeIgniter->runController(Object(App\Controllers\Index))
#6 C:\laragon\www\470websitesmanagement-new\system\CodeIgniter.php(312): CodeIgniter\CodeIgniter->handleRequest(NULL, Object(Config\Cache), false)
#7 C:\laragon\www\470websitesmanagement-new\public\index.php(45): CodeIgniter\CodeIgniter->run()
#8 {main}
CRITICAL - 2020-08-09 02:12:10 --> Undefined variable: session
#0 C:\laragon\www\470websitesmanagement-new\app\Views\authentication\index.php(48): CodeIgniter\Debug\Exceptions->errorHandler(8, 'Undefined varia...', 'C:\\laragon\\www\\...', 48, Array)
#1 C:\laragon\www\470websitesmanagement-new\system\View\View.php(246): include('C:\\laragon\\www\\...')
#2 C:\laragon\www\470websitesmanagement-new\system\Common.php(1119): CodeIgniter\View\View->render('authentication/...', Array, true)
#3 C:\laragon\www\470websitesmanagement-new\app\Controllers\Index.php(36): view('authentication/...')
#4 C:\laragon\www\470websitesmanagement-new\system\CodeIgniter.php(918): App\Controllers\Index->index()
#5 C:\laragon\www\470websitesmanagement-new\system\CodeIgniter.php(404): CodeIgniter\CodeIgniter->runController(Object(App\Controllers\Index))
#6 C:\laragon\www\470websitesmanagement-new\system\CodeIgniter.php(312): CodeIgniter\CodeIgniter->handleRequest(NULL, Object(Config\Cache), false)
#7 C:\laragon\www\470websitesmanagement-new\public\index.php(45): CodeIgniter\CodeIgniter->run()
#8 {main}
CRITICAL - 2020-08-09 02:50:59 --> Undefined variable: session
#0 C:\laragon\www\470websitesmanagement-new\app\Views\authentication\index.php(48): CodeIgniter\Debug\Exceptions->errorHandler(8, 'Undefined varia...', 'C:\\laragon\\www\\...', 48, Array)
#1 C:\laragon\www\470websitesmanagement-new\system\View\View.php(246): include('C:\\laragon\\www\\...')
#2 C:\laragon\www\470websitesmanagement-new\system\Common.php(1119): CodeIgniter\View\View->render('authentication/...', Array, true)
#3 C:\laragon\www\470websitesmanagement-new\app\Controllers\Index.php(36): view('authentication/...')
#4 C:\laragon\www\470websitesmanagement-new\system\CodeIgniter.php(918): App\Controllers\Index->index()
#5 C:\laragon\www\470websitesmanagement-new\system\CodeIgniter.php(404): CodeIgniter\CodeIgniter->runController(Object(App\Controllers\Index))
#6 C:\laragon\www\470websitesmanagement-new\system\CodeIgniter.php(312): CodeIgniter\CodeIgniter->handleRequest(NULL, Object(Config\Cache), false)
#7 C:\laragon\www\470websitesmanagement-new\public\index.php(45): CodeIgniter\CodeIgniter->run()
#8 {main}
CRITICAL - 2020-08-09 02:52:58 --> Undefined variable: session
#0 C:\laragon\www\470websitesmanagement-new\app\Views\authentication\index.php(48): CodeIgniter\Debug\Exceptions->errorHandler(8, 'Undefined varia...', 'C:\\laragon\\www\\...', 48, Array)
#1 C:\laragon\www\470websitesmanagement-new\system\View\View.php(246): include('C:\\laragon\\www\\...')
#2 C:\laragon\www\470websitesmanagement-new\system\Common.php(1119): CodeIgniter\View\View->render('authentication/...', Array, true)
#3 C:\laragon\www\470websitesmanagement-new\app\Controllers\Index.php(36): view('authentication/...')
#4 C:\laragon\www\470websitesmanagement-new\system\CodeIgniter.php(918): App\Controllers\Index->index()
#5 C:\laragon\www\470websitesmanagement-new\system\CodeIgniter.php(404): CodeIgniter\CodeIgniter->runController(Object(App\Controllers\Index))
#6 C:\laragon\www\470websitesmanagement-new\system\CodeIgniter.php(312): CodeIgniter\CodeIgniter->handleRequest(NULL, Object(Config\Cache), false)
#7 C:\laragon\www\470websitesmanagement-new\public\index.php(45): CodeIgniter\CodeIgniter->run()
#8 {main}
CRITICAL - 2020-08-09 02:53:28 --> Undefined variable: session
#0 C:\laragon\www\470websitesmanagement-new\app\Views\authentication\index.php(48): CodeIgniter\Debug\Exceptions->errorHandler(8, 'Undefined varia...', 'C:\\laragon\\www\\...', 48, Array)
#1 C:\laragon\www\470websitesmanagement-new\system\View\View.php(246): include('C:\\laragon\\www\\...')
#2 C:\laragon\www\470websitesmanagement-new\system\Common.php(1119): CodeIgniter\View\View->render('authentication/...', Array, true)
#3 C:\laragon\www\470websitesmanagement-new\app\Controllers\Index.php(37): view('authentication/...')
#4 C:\laragon\www\470websitesmanagement-new\system\CodeIgniter.php(918): App\Controllers\Index->index()
#5 C:\laragon\www\470websitesmanagement-new\system\CodeIgniter.php(404): CodeIgniter\CodeIgniter->runController(Object(App\Controllers\Index))
#6 C:\laragon\www\470websitesmanagement-new\system\CodeIgniter.php(312): CodeIgniter\CodeIgniter->handleRequest(NULL, Object(Config\Cache), false)
#7 C:\laragon\www\470websitesmanagement-new\public\index.php(45): CodeIgniter\CodeIgniter->run()
#8 {main}
CRITICAL - 2020-08-09 02:53:31 --> Undefined variable: session
#0 C:\laragon\www\470websitesmanagement-new\app\Views\authentication\index.php(48): CodeIgniter\Debug\Exceptions->errorHandler(8, 'Undefined varia...', 'C:\\laragon\\www\\...', 48, Array)
#1 C:\laragon\www\470websitesmanagement-new\system\View\View.php(246): include('C:\\laragon\\www\\...')
#2 C:\laragon\www\470websitesmanagement-new\system\Common.php(1119): CodeIgniter\View\View->render('authentication/...', Array, true)
#3 C:\laragon\www\470websitesmanagement-new\app\Controllers\Index.php(37): view('authentication/...')
#4 C:\laragon\www\470websitesmanagement-new\system\CodeIgniter.php(918): App\Controllers\Index->index()
#5 C:\laragon\www\470websitesmanagement-new\system\CodeIgniter.php(404): CodeIgniter\CodeIgniter->runController(Object(App\Controllers\Index))
#6 C:\laragon\www\470websitesmanagement-new\system\CodeIgniter.php(312): CodeIgniter\CodeIgniter->handleRequest(NULL, Object(Config\Cache), false)
#7 C:\laragon\www\470websitesmanagement-new\public\index.php(45): CodeIgniter\CodeIgniter->run()
#8 {main}
CRITICAL - 2020-08-09 02:55:25 --> Undefined property: CodeIgniter\View\View::$session
#0 C:\laragon\www\470websitesmanagement-new\app\Views\authentication\index.php(48): CodeIgniter\Debug\Exceptions->errorHandler(8, 'Undefined prope...', 'C:\\laragon\\www\\...', 48, Array)
#1 C:\laragon\www\470websitesmanagement-new\system\View\View.php(246): include('C:\\laragon\\www\\...')
#2 C:\laragon\www\470websitesmanagement-new\system\Common.php(1119): CodeIgniter\View\View->render('authentication/...', Array, true)
#3 C:\laragon\www\470websitesmanagement-new\app\Controllers\Index.php(36): view('authentication/...')
#4 C:\laragon\www\470websitesmanagement-new\system\CodeIgniter.php(918): App\Controllers\Index->index()
#5 C:\laragon\www\470websitesmanagement-new\system\CodeIgniter.php(404): CodeIgniter\CodeIgniter->runController(Object(App\Controllers\Index))
#6 C:\laragon\www\470websitesmanagement-new\system\CodeIgniter.php(312): CodeIgniter\CodeIgniter->handleRequest(NULL, Object(Config\Cache), false)
#7 C:\laragon\www\470websitesmanagement-new\public\index.php(45): CodeIgniter\CodeIgniter->run()
#8 {main}
CRITICAL - 2020-08-09 02:57:07 --> Undefined property: CodeIgniter\View\View::$session
#0 C:\laragon\www\470websitesmanagement-new\app\Views\authentication\index.php(48): CodeIgniter\Debug\Exceptions->errorHandler(8, 'Undefined prope...', 'C:\\laragon\\www\\...', 48, Array)
#1 C:\laragon\www\470websitesmanagement-new\system\View\View.php(246): include('C:\\laragon\\www\\...')
#2 C:\laragon\www\470websitesmanagement-new\system\Common.php(1119): CodeIgniter\View\View->render('authentication/...', Array, true)
#3 C:\laragon\www\470websitesmanagement-new\app\Controllers\Index.php(36): view('authentication/...')
#4 C:\laragon\www\470websitesmanagement-new\system\CodeIgniter.php(918): App\Controllers\Index->index()
#5 C:\laragon\www\470websitesmanagement-new\system\CodeIgniter.php(404): CodeIgniter\CodeIgniter->runController(Object(App\Controllers\Index))
#6 C:\laragon\www\470websitesmanagement-new\system\CodeIgniter.php(312): CodeIgniter\CodeIgniter->handleRequest(NULL, Object(Config\Cache), false)
#7 C:\laragon\www\470websitesmanagement-new\public\index.php(45): CodeIgniter\CodeIgniter->run()
#8 {main}
CRITICAL - 2020-08-09 02:57:09 --> Undefined property: CodeIgniter\View\View::$session
#0 C:\laragon\www\470websitesmanagement-new\app\Views\authentication\index.php(48): CodeIgniter\Debug\Exceptions->errorHandler(8, 'Undefined prope...', 'C:\\laragon\\www\\...', 48, Array)
#1 C:\laragon\www\470websitesmanagement-new\system\View\View.php(246): include('C:\\laragon\\www\\...')
#2 C:\laragon\www\470websitesmanagement-new\system\Common.php(1119): CodeIgniter\View\View->render('authentication/...', Array, true)
#3 C:\laragon\www\470websitesmanagement-new\app\Controllers\Index.php(36): view('authentication/...')
#4 C:\laragon\www\470websitesmanagement-new\system\CodeIgniter.php(918): App\Controllers\Index->index()
#5 C:\laragon\www\470websitesmanagement-new\system\CodeIgniter.php(404): CodeIgniter\CodeIgniter->runController(Object(App\Controllers\Index))
#6 C:\laragon\www\470websitesmanagement-new\system\CodeIgniter.php(312): CodeIgniter\CodeIgniter->handleRequest(NULL, Object(Config\Cache), false)
#7 C:\laragon\www\470websitesmanagement-new\public\index.php(45): CodeIgniter\CodeIgniter->run()
#8 {main}
CRITICAL - 2020-08-09 02:57:12 --> Undefined property: CodeIgniter\View\View::$session
#0 C:\laragon\www\470websitesmanagement-new\app\Views\authentication\index.php(48): CodeIgniter\Debug\Exceptions->errorHandler(8, 'Undefined prope...', 'C:\\laragon\\www\\...', 48, Array)
#1 C:\laragon\www\470websitesmanagement-new\system\View\View.php(246): include('C:\\laragon\\www\\...')
#2 C:\laragon\www\470websitesmanagement-new\system\Common.php(1119): CodeIgniter\View\View->render('authentication/...', Array, true)
#3 C:\laragon\www\470websitesmanagement-new\app\Controllers\Index.php(36): view('authentication/...')
#4 C:\laragon\www\470websitesmanagement-new\system\CodeIgniter.php(918): App\Controllers\Index->index()
#5 C:\laragon\www\470websitesmanagement-new\system\CodeIgniter.php(404): CodeIgniter\CodeIgniter->runController(Object(App\Controllers\Index))
#6 C:\laragon\www\470websitesmanagement-new\system\CodeIgniter.php(312): CodeIgniter\CodeIgniter->handleRequest(NULL, Object(Config\Cache), false)
#7 C:\laragon\www\470websitesmanagement-new\public\index.php(45): CodeIgniter\CodeIgniter->run()
#8 {main}
CRITICAL - 2020-08-09 02:57:25 --> Undefined variable: session
#0 C:\laragon\www\470websitesmanagement-new\app\Views\authentication\index.php(48): CodeIgniter\Debug\Exceptions->errorHandler(8, 'Undefined varia...', 'C:\\laragon\\www\\...', 48, Array)
#1 C:\laragon\www\470websitesmanagement-new\system\View\View.php(246): include('C:\\laragon\\www\\...')
#2 C:\laragon\www\470websitesmanagement-new\system\Common.php(1119): CodeIgniter\View\View->render('authentication/...', Array, true)
#3 C:\laragon\www\470websitesmanagement-new\app\Controllers\Index.php(36): view('authentication/...')
#4 C:\laragon\www\470websitesmanagement-new\system\CodeIgniter.php(918): App\Controllers\Index->index()
#5 C:\laragon\www\470websitesmanagement-new\system\CodeIgniter.php(404): CodeIgniter\CodeIgniter->runController(Object(App\Controllers\Index))
#6 C:\laragon\www\470websitesmanagement-new\system\CodeIgniter.php(312): CodeIgniter\CodeIgniter->handleRequest(NULL, Object(Config\Cache), false)
#7 C:\laragon\www\470websitesmanagement-new\public\index.php(45): CodeIgniter\CodeIgniter->run()
#8 {main}
CRITICAL - 2020-08-09 03:00:18 --> Undefined variable: session
#0 C:\laragon\www\470websitesmanagement-new\app\Views\authentication\index.php(48): CodeIgniter\Debug\Exceptions->errorHandler(8, 'Undefined varia...', 'C:\\laragon\\www\\...', 48, Array)
#1 C:\laragon\www\470websitesmanagement-new\system\View\View.php(246): include('C:\\laragon\\www\\...')
#2 C:\laragon\www\470websitesmanagement-new\system\Common.php(1119): CodeIgniter\View\View->render('authentication/...', Array, true)
#3 C:\laragon\www\470websitesmanagement-new\app\Controllers\Index.php(37): view('authentication/...')
#4 C:\laragon\www\470websitesmanagement-new\system\CodeIgniter.php(918): App\Controllers\Index->index()
#5 C:\laragon\www\470websitesmanagement-new\system\CodeIgniter.php(404): CodeIgniter\CodeIgniter->runController(Object(App\Controllers\Index))
#6 C:\laragon\www\470websitesmanagement-new\system\CodeIgniter.php(312): CodeIgniter\CodeIgniter->handleRequest(NULL, Object(Config\Cache), false)
#7 C:\laragon\www\470websitesmanagement-new\public\index.php(45): CodeIgniter\CodeIgniter->run()
#8 {main}
CRITICAL - 2020-08-09 03:00:36 --> Undefined property: CodeIgniter\View\View::$session
#0 C:\laragon\www\470websitesmanagement-new\app\Views\authentication\index.php(48): CodeIgniter\Debug\Exceptions->errorHandler(8, 'Undefined prope...', 'C:\\laragon\\www\\...', 48, Array)
#1 C:\laragon\www\470websitesmanagement-new\system\View\View.php(246): include('C:\\laragon\\www\\...')
#2 C:\laragon\www\470websitesmanagement-new\system\Common.php(1119): CodeIgniter\View\View->render('authentication/...', Array, true)
#3 C:\laragon\www\470websitesmanagement-new\app\Controllers\Index.php(37): view('authentication/...')
#4 C:\laragon\www\470websitesmanagement-new\system\CodeIgniter.php(918): App\Controllers\Index->index()
#5 C:\laragon\www\470websitesmanagement-new\system\CodeIgniter.php(404): CodeIgniter\CodeIgniter->runController(Object(App\Controllers\Index))
#6 C:\laragon\www\470websitesmanagement-new\system\CodeIgniter.php(312): CodeIgniter\CodeIgniter->handleRequest(NULL, Object(Config\Cache), false)
#7 C:\laragon\www\470websitesmanagement-new\public\index.php(45): CodeIgniter\CodeIgniter->run()
#8 {main}
CRITICAL - 2020-08-09 03:00:38 --> Undefined property: CodeIgniter\View\View::$session
#0 C:\laragon\www\470websitesmanagement-new\app\Views\authentication\index.php(48): CodeIgniter\Debug\Exceptions->errorHandler(8, 'Undefined prope...', 'C:\\laragon\\www\\...', 48, Array)
#1 C:\laragon\www\470websitesmanagement-new\system\View\View.php(246): include('C:\\laragon\\www\\...')
#2 C:\laragon\www\470websitesmanagement-new\system\Common.php(1119): CodeIgniter\View\View->render('authentication/...', Array, true)
#3 C:\laragon\www\470websitesmanagement-new\app\Controllers\Index.php(37): view('authentication/...')
#4 C:\laragon\www\470websitesmanagement-new\system\CodeIgniter.php(918): App\Controllers\Index->index()
#5 C:\laragon\www\470websitesmanagement-new\system\CodeIgniter.php(404): CodeIgniter\CodeIgniter->runController(Object(App\Controllers\Index))
#6 C:\laragon\www\470websitesmanagement-new\system\CodeIgniter.php(312): CodeIgniter\CodeIgniter->handleRequest(NULL, Object(Config\Cache), false)
#7 C:\laragon\www\470websitesmanagement-new\public\index.php(45): CodeIgniter\CodeIgniter->run()
#8 {main}
CRITICAL - 2020-08-09 03:02:58 --> Undefined property: CodeIgniter\View\View::$session
#0 C:\laragon\www\470websitesmanagement-new\app\Views\authentication\index.php(48): CodeIgniter\Debug\Exceptions->errorHandler(8, 'Undefined prope...', 'C:\\laragon\\www\\...', 48, Array)
#1 C:\laragon\www\470websitesmanagement-new\system\View\View.php(246): include('C:\\laragon\\www\\...')
#2 C:\laragon\www\470websitesmanagement-new\system\Common.php(1119): CodeIgniter\View\View->render('authentication/...', Array, true)
#3 C:\laragon\www\470websitesmanagement-new\app\Controllers\Index.php(38): view('authentication/...')
#4 C:\laragon\www\470websitesmanagement-new\system\CodeIgniter.php(918): App\Controllers\Index->index()
#5 C:\laragon\www\470websitesmanagement-new\system\CodeIgniter.php(404): CodeIgniter\CodeIgniter->runController(Object(App\Controllers\Index))
#6 C:\laragon\www\470websitesmanagement-new\system\CodeIgniter.php(312): CodeIgniter\CodeIgniter->handleRequest(NULL, Object(Config\Cache), false)
#7 C:\laragon\www\470websitesmanagement-new\public\index.php(45): CodeIgniter\CodeIgniter->run()
#8 {main}
CRITICAL - 2020-08-09 03:03:00 --> Undefined property: CodeIgniter\View\View::$session
#0 C:\laragon\www\470websitesmanagement-new\app\Views\authentication\index.php(48): CodeIgniter\Debug\Exceptions->errorHandler(8, 'Undefined prope...', 'C:\\laragon\\www\\...', 48, Array)
#1 C:\laragon\www\470websitesmanagement-new\system\View\View.php(246): include('C:\\laragon\\www\\...')
#2 C:\laragon\www\470websitesmanagement-new\system\Common.php(1119): CodeIgniter\View\View->render('authentication/...', Array, true)
#3 C:\laragon\www\470websitesmanagement-new\app\Controllers\Index.php(38): view('authentication/...')
#4 C:\laragon\www\470websitesmanagement-new\system\CodeIgniter.php(918): App\Controllers\Index->index()
#5 C:\laragon\www\470websitesmanagement-new\system\CodeIgniter.php(404): CodeIgniter\CodeIgniter->runController(Object(App\Controllers\Index))
#6 C:\laragon\www\470websitesmanagement-new\system\CodeIgniter.php(312): CodeIgniter\CodeIgniter->handleRequest(NULL, Object(Config\Cache), false)
#7 C:\laragon\www\470websitesmanagement-new\public\index.php(45): CodeIgniter\CodeIgniter->run()
#8 {main}
CRITICAL - 2020-08-09 03:03:01 --> Undefined property: CodeIgniter\View\View::$session
#0 C:\laragon\www\470websitesmanagement-new\app\Views\authentication\index.php(48): CodeIgniter\Debug\Exceptions->errorHandler(8, 'Undefined prope...', 'C:\\laragon\\www\\...', 48, Array)
#1 C:\laragon\www\470websitesmanagement-new\system\View\View.php(246): include('C:\\laragon\\www\\...')
#2 C:\laragon\www\470websitesmanagement-new\system\Common.php(1119): CodeIgniter\View\View->render('authentication/...', Array, true)
#3 C:\laragon\www\470websitesmanagement-new\app\Controllers\Index.php(38): view('authentication/...')
#4 C:\laragon\www\470websitesmanagement-new\system\CodeIgniter.php(918): App\Controllers\Index->index()
#5 C:\laragon\www\470websitesmanagement-new\system\CodeIgniter.php(404): CodeIgniter\CodeIgniter->runController(Object(App\Controllers\Index))
#6 C:\laragon\www\470websitesmanagement-new\system\CodeIgniter.php(312): CodeIgniter\CodeIgniter->handleRequest(NULL, Object(Config\Cache), false)
#7 C:\laragon\www\470websitesmanagement-new\public\index.php(45): CodeIgniter\CodeIgniter->run()
#8 {main}
CRITICAL - 2020-08-09 03:03:01 --> Undefined property: CodeIgniter\View\View::$session
#0 C:\laragon\www\470websitesmanagement-new\app\Views\authentication\index.php(48): CodeIgniter\Debug\Exceptions->errorHandler(8, 'Undefined prope...', 'C:\\laragon\\www\\...', 48, Array)
#1 C:\laragon\www\470websitesmanagement-new\system\View\View.php(246): include('C:\\laragon\\www\\...')
#2 C:\laragon\www\470websitesmanagement-new\system\Common.php(1119): CodeIgniter\View\View->render('authentication/...', Array, true)
#3 C:\laragon\www\470websitesmanagement-new\app\Controllers\Index.php(38): view('authentication/...')
#4 C:\laragon\www\470websitesmanagement-new\system\CodeIgniter.php(918): App\Controllers\Index->index()
#5 C:\laragon\www\470websitesmanagement-new\system\CodeIgniter.php(404): CodeIgniter\CodeIgniter->runController(Object(App\Controllers\Index))
#6 C:\laragon\www\470websitesmanagement-new\system\CodeIgniter.php(312): CodeIgniter\CodeIgniter->handleRequest(NULL, Object(Config\Cache), false)
#7 C:\laragon\www\470websitesmanagement-new\public\index.php(45): CodeIgniter\CodeIgniter->run()
#8 {main}
CRITICAL - 2020-08-09 03:03:01 --> Undefined property: CodeIgniter\View\View::$session
#0 C:\laragon\www\470websitesmanagement-new\app\Views\authentication\index.php(48): CodeIgniter\Debug\Exceptions->errorHandler(8, 'Undefined prope...', 'C:\\laragon\\www\\...', 48, Array)
#1 C:\laragon\www\470websitesmanagement-new\system\View\View.php(246): include('C:\\laragon\\www\\...')
#2 C:\laragon\www\470websitesmanagement-new\system\Common.php(1119): CodeIgniter\View\View->render('authentication/...', Array, true)
#3 C:\laragon\www\470websitesmanagement-new\app\Controllers\Index.php(38): view('authentication/...')
#4 C:\laragon\www\470websitesmanagement-new\system\CodeIgniter.php(918): App\Controllers\Index->index()
#5 C:\laragon\www\470websitesmanagement-new\system\CodeIgniter.php(404): CodeIgniter\CodeIgniter->runController(Object(App\Controllers\Index))
#6 C:\laragon\www\470websitesmanagement-new\system\CodeIgniter.php(312): CodeIgniter\CodeIgniter->handleRequest(NULL, Object(Config\Cache), false)
#7 C:\laragon\www\470websitesmanagement-new\public\index.php(45): CodeIgniter\CodeIgniter->run()
#8 {main}
CRITICAL - 2020-08-09 03:08:17 --> Undefined property: CodeIgniter\View\View::$session
#0 C:\laragon\www\470websitesmanagement-new\app\Views\authentication\index.php(48): CodeIgniter\Debug\Exceptions->errorHandler(8, 'Undefined prope...', 'C:\\laragon\\www\\...', 48, Array)
#1 C:\laragon\www\470websitesmanagement-new\system\View\View.php(246): include('C:\\laragon\\www\\...')
#2 C:\laragon\www\470websitesmanagement-new\system\Common.php(1119): CodeIgniter\View\View->render('authentication/...', Array, true)
#3 C:\laragon\www\470websitesmanagement-new\app\Controllers\Index.php(39): view('authentication/...')
#4 C:\laragon\www\470websitesmanagement-new\system\CodeIgniter.php(918): App\Controllers\Index->index()
#5 C:\laragon\www\470websitesmanagement-new\system\CodeIgniter.php(404): CodeIgniter\CodeIgniter->runController(Object(App\Controllers\Index))
#6 C:\laragon\www\470websitesmanagement-new\system\CodeIgniter.php(312): CodeIgniter\CodeIgniter->handleRequest(NULL, Object(Config\Cache), false)
#7 C:\laragon\www\470websitesmanagement-new\public\index.php(45): CodeIgniter\CodeIgniter->run()
#8 {main}
CRITICAL - 2020-08-09 03:08:20 --> Undefined property: CodeIgniter\View\View::$session
#0 C:\laragon\www\470websitesmanagement-new\app\Views\authentication\index.php(48): CodeIgniter\Debug\Exceptions->errorHandler(8, 'Undefined prope...', 'C:\\laragon\\www\\...', 48, Array)
#1 C:\laragon\www\470websitesmanagement-new\system\View\View.php(246): include('C:\\laragon\\www\\...')
#2 C:\laragon\www\470websitesmanagement-new\system\Common.php(1119): CodeIgniter\View\View->render('authentication/...', Array, true)
#3 C:\laragon\www\470websitesmanagement-new\app\Controllers\Index.php(39): view('authentication/...')
#4 C:\laragon\www\470websitesmanagement-new\system\CodeIgniter.php(918): App\Controllers\Index->index()
#5 C:\laragon\www\470websitesmanagement-new\system\CodeIgniter.php(404): CodeIgniter\CodeIgniter->runController(Object(App\Controllers\Index))
#6 C:\laragon\www\470websitesmanagement-new\system\CodeIgniter.php(312): CodeIgniter\CodeIgniter->handleRequest(NULL, Object(Config\Cache), false)
#7 C:\laragon\www\470websitesmanagement-new\public\index.php(45): CodeIgniter\CodeIgniter->run()
#8 {main}
CRITICAL - 2020-08-09 03:20:50 --> Undefined variable: session
#0 C:\laragon\www\470websitesmanagement-new\app\Controllers\Index.php(27): CodeIgniter\Debug\Exceptions->errorHandler(8, 'Undefined varia...', 'C:\\laragon\\www\\...', 27, Array)
#1 C:\laragon\www\470websitesmanagement-new\system\CodeIgniter.php(918): App\Controllers\Index->index()
#2 C:\laragon\www\470websitesmanagement-new\system\CodeIgniter.php(404): CodeIgniter\CodeIgniter->runController(Object(App\Controllers\Index))
#3 C:\laragon\www\470websitesmanagement-new\system\CodeIgniter.php(312): CodeIgniter\CodeIgniter->handleRequest(NULL, Object(Config\Cache), false)
#4 C:\laragon\www\470websitesmanagement-new\public\index.php(45): CodeIgniter\CodeIgniter->run()
#5 {main}
CRITICAL - 2020-08-09 03:21:14 --> Undefined property: CodeIgniter\View\View::$session
#0 C:\laragon\www\470websitesmanagement-new\app\Views\authentication\index.php(48): CodeIgniter\Debug\Exceptions->errorHandler(8, 'Undefined prope...', 'C:\\laragon\\www\\...', 48, Array)
#1 C:\laragon\www\470websitesmanagement-new\system\View\View.php(246): include('C:\\laragon\\www\\...')
#2 C:\laragon\www\470websitesmanagement-new\system\Common.php(1119): CodeIgniter\View\View->render('authentication/...', Array, true)
#3 C:\laragon\www\470websitesmanagement-new\app\Controllers\Index.php(42): view('authentication/...', Array)
#4 C:\laragon\www\470websitesmanagement-new\system\CodeIgniter.php(918): App\Controllers\Index->index()
#5 C:\laragon\www\470websitesmanagement-new\system\CodeIgniter.php(404): CodeIgniter\CodeIgniter->runController(Object(App\Controllers\Index))
#6 C:\laragon\www\470websitesmanagement-new\system\CodeIgniter.php(312): CodeIgniter\CodeIgniter->handleRequest(NULL, Object(Config\Cache), false)
#7 C:\laragon\www\470websitesmanagement-new\public\index.php(45): CodeIgniter\CodeIgniter->run()
#8 {main}
CRITICAL - 2020-08-09 04:27:15 --> Undefined property: CodeIgniter\View\View::$session
#0 C:\laragon\www\470websitesmanagement-new\app\Views\authentication\index.php(48): CodeIgniter\Debug\Exceptions->errorHandler(8, 'Undefined prope...', 'C:\\laragon\\www\\...', 48, Array)
#1 C:\laragon\www\470websitesmanagement-new\system\View\View.php(246): include('C:\\laragon\\www\\...')
#2 C:\laragon\www\470websitesmanagement-new\system\Common.php(1119): CodeIgniter\View\View->render('authentication/...', Array, true)
#3 C:\laragon\www\470websitesmanagement-new\app\Controllers\Index.php(42): view('authentication/...', Array)
#4 C:\laragon\www\470websitesmanagement-new\system\CodeIgniter.php(918): App\Controllers\Index->index()
#5 C:\laragon\www\470websitesmanagement-new\system\CodeIgniter.php(404): CodeIgniter\CodeIgniter->runController(Object(App\Controllers\Index))
#6 C:\laragon\www\470websitesmanagement-new\system\CodeIgniter.php(312): CodeIgniter\CodeIgniter->handleRequest(NULL, Object(Config\Cache), false)
#7 C:\laragon\www\470websitesmanagement-new\public\index.php(45): CodeIgniter\CodeIgniter->run()
#8 {main}
