CRITICAL - 2021-08-19 15:23:04 --> Undefined property: CodeIgniter\View\View::$session
#0 C:\laragon\www\470websitesmanagement-new\app\Views\authentication\index.php(56): CodeIgniter\Debug\Exceptions->errorHandler(8, 'Undefined prope...', 'C:\\laragon\\www\\...', 56, Array)
#1 C:\laragon\www\470websitesmanagement-new\system\View\View.php(230): include('C:\\laragon\\www\\...')
#2 C:\laragon\www\470websitesmanagement-new\system\View\View.php(232): CodeIgniter\View\View->CodeIgniter\View\{closure}()
#3 C:\laragon\www\470websitesmanagement-new\system\Common.php(1271): CodeIgniter\View\View->render('authentication/...', Array, true)
#4 C:\laragon\www\470websitesmanagement-new\app\Controllers\Index.php(42): view('authentication/...', Array)
#5 C:\laragon\www\470websitesmanagement-new\system\CodeIgniter.php(928): App\Controllers\Index->index()
#6 C:\laragon\www\470websitesmanagement-new\system\CodeIgniter.php(436): CodeIgniter\CodeIgniter->runController(Object(App\Controllers\Index))
#7 C:\laragon\www\470websitesmanagement-new\system\CodeIgniter.php(336): CodeIgniter\CodeIgniter->handleRequest(NULL, Object(Config\Cache), false)
#8 C:\laragon\www\470websitesmanagement-new\public\index.php(37): CodeIgniter\CodeIgniter->run()
#9 {main}
CRITICAL - 2021-08-19 15:39:49 --> Undefined property: CodeIgniter\View\View::$session
#0 C:\laragon\www\470websitesmanagement-new\app\Views\authentication\index.php(56): CodeIgniter\Debug\Exceptions->errorHandler(8, 'Undefined prope...', 'C:\\laragon\\www\\...', 56, Array)
#1 C:\laragon\www\470websitesmanagement-new\system\View\View.php(230): include('C:\\laragon\\www\\...')
#2 C:\laragon\www\470websitesmanagement-new\system\View\View.php(232): CodeIgniter\View\View->CodeIgniter\View\{closure}()
#3 C:\laragon\www\470websitesmanagement-new\system\Common.php(1271): CodeIgniter\View\View->render('authentication/...', Array, true)
#4 C:\laragon\www\470websitesmanagement-new\app\Controllers\Index.php(42): view('authentication/...', Array)
#5 C:\laragon\www\470websitesmanagement-new\system\CodeIgniter.php(928): App\Controllers\Index->index()
#6 C:\laragon\www\470websitesmanagement-new\system\CodeIgniter.php(436): CodeIgniter\CodeIgniter->runController(Object(App\Controllers\Index))
#7 C:\laragon\www\470websitesmanagement-new\system\CodeIgniter.php(336): CodeIgniter\CodeIgniter->handleRequest(NULL, Object(Config\Cache), false)
#8 C:\laragon\www\470websitesmanagement-new\public\index.php(37): CodeIgniter\CodeIgniter->run()
#9 {main}
CRITICAL - 2021-08-19 15:49:54 --> Undefined property: CodeIgniter\View\View::$session
#0 C:\laragon\www\470websitesmanagement-new\app\Views\authentication\index.php(56): CodeIgniter\Debug\Exceptions->errorHandler(8, 'Undefined prope...', 'C:\\laragon\\www\\...', 56, Array)
#1 C:\laragon\www\470websitesmanagement-new\system\View\View.php(230): include('C:\\laragon\\www\\...')
#2 C:\laragon\www\470websitesmanagement-new\system\View\View.php(232): CodeIgniter\View\View->CodeIgniter\View\{closure}()
#3 C:\laragon\www\470websitesmanagement-new\system\Common.php(1271): CodeIgniter\View\View->render('authentication/...', Array, true)
#4 C:\laragon\www\470websitesmanagement-new\app\Controllers\Index.php(42): view('authentication/...', Array)
#5 C:\laragon\www\470websitesmanagement-new\system\CodeIgniter.php(928): App\Controllers\Index->index()
#6 C:\laragon\www\470websitesmanagement-new\system\CodeIgniter.php(436): CodeIgniter\CodeIgniter->runController(Object(App\Controllers\Index))
#7 C:\laragon\www\470websitesmanagement-new\system\CodeIgniter.php(336): CodeIgniter\CodeIgniter->handleRequest(NULL, Object(Config\Cache), false)
#8 C:\laragon\www\470websitesmanagement-new\public\index.php(37): CodeIgniter\CodeIgniter->run()
#9 {main}
CRITICAL - 2021-08-19 16:12:34 --> Call to undefined function validation_errors()
#0 C:\laragon\www\470websitesmanagement-new\system\View\View.php(230): include()
#1 C:\laragon\www\470websitesmanagement-new\system\View\View.php(232): CodeIgniter\View\View->CodeIgniter\View\{closure}()
#2 C:\laragon\www\470websitesmanagement-new\system\Common.php(1271): CodeIgniter\View\View->render('authentication/...', Array, true)
#3 C:\laragon\www\470websitesmanagement-new\app\Controllers\Index.php(40): view('authentication/...')
#4 C:\laragon\www\470websitesmanagement-new\system\CodeIgniter.php(928): App\Controllers\Index->index()
#5 C:\laragon\www\470websitesmanagement-new\system\CodeIgniter.php(436): CodeIgniter\CodeIgniter->runController(Object(App\Controllers\Index))
#6 C:\laragon\www\470websitesmanagement-new\system\CodeIgniter.php(336): CodeIgniter\CodeIgniter->handleRequest(NULL, Object(Config\Cache), false)
#7 C:\laragon\www\470websitesmanagement-new\public\index.php(37): CodeIgniter\CodeIgniter->run()
#8 {main}
CRITICAL - 2021-08-19 16:15:31 --> Undefined variable: validation
#0 C:\laragon\www\470websitesmanagement-new\app\Views\authentication\index.php(66): CodeIgniter\Debug\Exceptions->errorHandler(8, 'Undefined varia...', 'C:\\laragon\\www\\...', 66, Array)
#1 C:\laragon\www\470websitesmanagement-new\system\View\View.php(230): include('C:\\laragon\\www\\...')
#2 C:\laragon\www\470websitesmanagement-new\system\View\View.php(232): CodeIgniter\View\View->CodeIgniter\View\{closure}()
#3 C:\laragon\www\470websitesmanagement-new\system\Common.php(1271): CodeIgniter\View\View->render('authentication/...', Array, true)
#4 C:\laragon\www\470websitesmanagement-new\app\Controllers\Index.php(40): view('authentication/...')
#5 C:\laragon\www\470websitesmanagement-new\system\CodeIgniter.php(928): App\Controllers\Index->index()
#6 C:\laragon\www\470websitesmanagement-new\system\CodeIgniter.php(436): CodeIgniter\CodeIgniter->runController(Object(App\Controllers\Index))
#7 C:\laragon\www\470websitesmanagement-new\system\CodeIgniter.php(336): CodeIgniter\CodeIgniter->handleRequest(NULL, Object(Config\Cache), false)
#8 C:\laragon\www\470websitesmanagement-new\public\index.php(37): CodeIgniter\CodeIgniter->run()
#9 {main}
CRITICAL - 2021-08-19 16:30:47 --> Undefined property: App\Controllers\Index::$input
#0 C:\laragon\www\470websitesmanagement-new\app\Controllers\Index.php(31): CodeIgniter\Debug\Exceptions->errorHandler(8, 'Undefined prope...', 'C:\\laragon\\www\\...', 31, Array)
#1 C:\laragon\www\470websitesmanagement-new\system\CodeIgniter.php(928): App\Controllers\Index->index()
#2 C:\laragon\www\470websitesmanagement-new\system\CodeIgniter.php(436): CodeIgniter\CodeIgniter->runController(Object(App\Controllers\Index))
#3 C:\laragon\www\470websitesmanagement-new\system\CodeIgniter.php(336): CodeIgniter\CodeIgniter->handleRequest(NULL, Object(Config\Cache), false)
#4 C:\laragon\www\470websitesmanagement-new\public\index.php(37): CodeIgniter\CodeIgniter->run()
#5 {main}
CRITICAL - 2021-08-19 16:39:19 --> Undefined variable: validation
#0 C:\laragon\www\470websitesmanagement-new\app\Views\authentication\index.php(66): CodeIgniter\Debug\Exceptions->errorHandler(8, 'Undefined varia...', 'C:\\laragon\\www\\...', 66, Array)
#1 C:\laragon\www\470websitesmanagement-new\system\View\View.php(230): include('C:\\laragon\\www\\...')
#2 C:\laragon\www\470websitesmanagement-new\system\View\View.php(232): CodeIgniter\View\View->CodeIgniter\View\{closure}()
#3 C:\laragon\www\470websitesmanagement-new\system\Common.php(1271): CodeIgniter\View\View->render('authentication/...', Array, true)
#4 C:\laragon\www\470websitesmanagement-new\app\Controllers\Index.php(48): view('authentication/...')
#5 C:\laragon\www\470websitesmanagement-new\system\CodeIgniter.php(928): App\Controllers\Index->index()
#6 C:\laragon\www\470websitesmanagement-new\system\CodeIgniter.php(436): CodeIgniter\CodeIgniter->runController(Object(App\Controllers\Index))
#7 C:\laragon\www\470websitesmanagement-new\system\CodeIgniter.php(336): CodeIgniter\CodeIgniter->handleRequest(NULL, Object(Config\Cache), false)
#8 C:\laragon\www\470websitesmanagement-new\public\index.php(37): CodeIgniter\CodeIgniter->run()
#9 {main}
CRITICAL - 2021-08-19 16:50:35 --> Undefined variable: validation
#0 C:\laragon\www\470websitesmanagement-new\app\Views\authentication\index.php(66): CodeIgniter\Debug\Exceptions->errorHandler(8, 'Undefined varia...', 'C:\\laragon\\www\\...', 66, Array)
#1 C:\laragon\www\470websitesmanagement-new\system\View\View.php(230): include('C:\\laragon\\www\\...')
#2 C:\laragon\www\470websitesmanagement-new\system\View\View.php(232): CodeIgniter\View\View->CodeIgniter\View\{closure}()
#3 C:\laragon\www\470websitesmanagement-new\system\Common.php(1271): CodeIgniter\View\View->render('authentication/...', Array, true)
#4 C:\laragon\www\470websitesmanagement-new\app\Controllers\Index.php(48): view('authentication/...')
#5 C:\laragon\www\470websitesmanagement-new\system\CodeIgniter.php(928): App\Controllers\Index->index()
#6 C:\laragon\www\470websitesmanagement-new\system\CodeIgniter.php(436): CodeIgniter\CodeIgniter->runController(Object(App\Controllers\Index))
#7 C:\laragon\www\470websitesmanagement-new\system\CodeIgniter.php(336): CodeIgniter\CodeIgniter->handleRequest(NULL, Object(Config\Cache), false)
#8 C:\laragon\www\470websitesmanagement-new\public\index.php(37): CodeIgniter\CodeIgniter->run()
#9 {main}
CRITICAL - 2021-08-19 17:10:49 --> Undefined variable: validation
#0 C:\laragon\www\470websitesmanagement-new\app\Views\authentication\index.php(66): CodeIgniter\Debug\Exceptions->errorHandler(8, 'Undefined varia...', 'C:\\laragon\\www\\...', 66, Array)
#1 C:\laragon\www\470websitesmanagement-new\system\View\View.php(230): include('C:\\laragon\\www\\...')
#2 C:\laragon\www\470websitesmanagement-new\system\View\View.php(232): CodeIgniter\View\View->CodeIgniter\View\{closure}()
#3 C:\laragon\www\470websitesmanagement-new\system\Common.php(1271): CodeIgniter\View\View->render('authentication/...', Array, true)
#4 C:\laragon\www\470websitesmanagement-new\app\Controllers\Index.php(42): view('authentication/...')
#5 C:\laragon\www\470websitesmanagement-new\system\CodeIgniter.php(928): App\Controllers\Index->index()
#6 C:\laragon\www\470websitesmanagement-new\system\CodeIgniter.php(436): CodeIgniter\CodeIgniter->runController(Object(App\Controllers\Index))
#7 C:\laragon\www\470websitesmanagement-new\system\CodeIgniter.php(336): CodeIgniter\CodeIgniter->handleRequest(NULL, Object(Config\Cache), false)
#8 C:\laragon\www\470websitesmanagement-new\public\index.php(37): CodeIgniter\CodeIgniter->run()
#9 {main}
